Starting directory: C:\WINDOWS\system32
New directory: D:\Software Development Projects\Tennis Scheduling
running server on port 3001
Starting directory: C:\WINDOWS\system32
New directory: D:\Software Development Projects\Tennis Scheduling
running server on port 3001
Ivan Lagace
Ivan Lagace
Ivan Lagace
Ivan Lagace
Ivan Lagace
Ivan Lagace
Ivan Lagace
Ivan Lagace
Ivan troisieme
Ivan troisieme
Ivan troisieme
Ivan troisieme
Starting directory: C:\WINDOWS\system32
New directory: D:\Software Development Projects\Tennis Scheduling
running server on port 3001
serialize { _id: 5798c0a5457846f82b340fd4,
  username: 'ivan.lagace@hotmail.com',
  password: '$2a$08$AdOzrZI/BQ22TuVQ6pdJ.OKSHexagC7Hvv37xOK3PBvcrB3TTEhd6',
  fullname: 'Ivan Lagace',
  activReserv: 2 }
deserialize { _id: '5798c0a5457846f82b340fd4',
  username: 'ivan.lagace@hotmail.com',
  password: '$2a$08$AdOzrZI/BQ22TuVQ6pdJ.OKSHexagC7Hvv37xOK3PBvcrB3TTEhd6',
  fullname: 'Ivan Lagace',
  activReserv: 2 }
deserialize { _id: '5798c0a5457846f82b340fd4',
  username: 'ivan.lagace@hotmail.com',
  password: '$2a$08$AdOzrZI/BQ22TuVQ6pdJ.OKSHexagC7Hvv37xOK3PBvcrB3TTEhd6',
  fullname: 'Ivan Lagace',
  activReserv: 2 }
deserialize { _id: '5798c0a5457846f82b340fd4',
  username: 'ivan.lagace@hotmail.com',
  password: '$2a$08$AdOzrZI/BQ22TuVQ6pdJ.OKSHexagC7Hvv37xOK3PBvcrB3TTEhd6',
  fullname: 'Ivan Lagace',
  activReserv: 2 }
deserialize { _id: '5798c0a5457846f82b340fd4',
  username: 'ivan.lagace@hotmail.com',
  password: '$2a$08$AdOzrZI/BQ22TuVQ6pdJ.OKSHexagC7Hvv37xOK3PBvcrB3TTEhd6',
  fullname: 'Ivan Lagace',
  activReserv: 2 }
deserialize { _id: '5798c0a5457846f82b340fd4',
  username: 'ivan.lagace@hotmail.com',
  password: '$2a$08$AdOzrZI/BQ22TuVQ6pdJ.OKSHexagC7Hvv37xOK3PBvcrB3TTEhd6',
  fullname: 'Ivan Lagace',
  activReserv: 2 }
deserialize { _id: '5798c0a5457846f82b340fd4',
  username: 'ivan.lagace@hotmail.com',
  password: '$2a$08$AdOzrZI/BQ22TuVQ6pdJ.OKSHexagC7Hvv37xOK3PBvcrB3TTEhd6',
  fullname: 'Ivan Lagace',
  activReserv: 2 }
deserialize { _id: '5798c0a5457846f82b340fd4',
  username: 'ivan.lagace@hotmail.com',
  password: '$2a$08$AdOzrZI/BQ22TuVQ6pdJ.OKSHexagC7Hvv37xOK3PBvcrB3TTEhd6',
  fullname: 'Ivan Lagace',
  activReserv: 2 }
deserialize { _id: '5798c0a5457846f82b340fd4',
  username: 'ivan.lagace@hotmail.com',
  password: '$2a$08$AdOzrZI/BQ22TuVQ6pdJ.OKSHexagC7Hvv37xOK3PBvcrB3TTEhd6',
  fullname: 'Ivan Lagace',
  activReserv: 2 }
deserialize { _id: '5798c0a5457846f82b340fd4',
  username: 'ivan.lagace@hotmail.com',
  password: '$2a$08$AdOzrZI/BQ22TuVQ6pdJ.OKSHexagC7Hvv37xOK3PBvcrB3TTEhd6',
  fullname: 'Ivan Lagace',
  activReserv: 2 }
