Sat, 06 Aug 2016 14:43:03 GMT express-session deprecated undefined resave option; provide resave option at D:\Software Development Projects\Tennis Scheduling\app.js:36:9
Sat, 06 Aug 2016 14:43:03 GMT express-session deprecated undefined saveUninitialized option; provide saveUninitialized option at D:\Software Development Projects\Tennis Scheduling\app.js:36:9
Error: Failed to lookup view "js" in views directory "./src/views"
    at EventEmitter.render (D:\Software Development Projects\node_modules\express\lib\application.js:579:17)
    at ServerResponse.render (D:\Software Development Projects\node_modules\express\lib\response.js:961:7)
    at getPage (D:\Software Development Projects\Tennis Scheduling\src\controllers\appController.js:34:13)
    at Layer.handle [as handle_request] (D:\Software Development Projects\node_modules\express\lib\router\layer.js:95:5)
    at next (D:\Software Development Projects\node_modules\express\lib\router\route.js:131:13)
    at Route.dispatch (D:\Software Development Projects\node_modules\express\lib\router\route.js:112:3)
    at Layer.handle [as handle_request] (D:\Software Development Projects\node_modules\express\lib\router\layer.js:95:5)
    at D:\Software Development Projects\node_modules\express\lib\router\index.js:277:22
    at param (D:\Software Development Projects\node_modules\express\lib\router\index.js:349:14)
    at param (D:\Software Development Projects\node_modules\express\lib\router\index.js:365:14)
Error: Failed to lookup view "js" in views directory "./src/views"
    at EventEmitter.render (D:\Software Development Projects\node_modules\express\lib\application.js:579:17)
    at ServerResponse.render (D:\Software Development Projects\node_modules\express\lib\response.js:961:7)
    at getPage (D:\Software Development Projects\Tennis Scheduling\src\controllers\appController.js:34:13)
    at Layer.handle [as handle_request] (D:\Software Development Projects\node_modules\express\lib\router\layer.js:95:5)
    at next (D:\Software Development Projects\node_modules\express\lib\router\route.js:131:13)
    at Route.dispatch (D:\Software Development Projects\node_modules\express\lib\router\route.js:112:3)
    at Layer.handle [as handle_request] (D:\Software Development Projects\node_modules\express\lib\router\layer.js:95:5)
    at D:\Software Development Projects\node_modules\express\lib\router\index.js:277:22
    at param (D:\Software Development Projects\node_modules\express\lib\router\index.js:349:14)
    at param (D:\Software Development Projects\node_modules\express\lib\router\index.js:365:14)
Error: Failed to lookup view "js" in views directory "./src/views"
    at EventEmitter.render (D:\Software Development Projects\node_modules\express\lib\application.js:579:17)
    at ServerResponse.render (D:\Software Development Projects\node_modules\express\lib\response.js:961:7)
    at getPage (D:\Software Development Projects\Tennis Scheduling\src\controllers\appController.js:34:13)
    at Layer.handle [as handle_request] (D:\Software Development Projects\node_modules\express\lib\router\layer.js:95:5)
    at next (D:\Software Development Projects\node_modules\express\lib\router\route.js:131:13)
    at Route.dispatch (D:\Software Development Projects\node_modules\express\lib\router\route.js:112:3)
    at Layer.handle [as handle_request] (D:\Software Development Projects\node_modules\express\lib\router\layer.js:95:5)
    at D:\Software Development Projects\node_modules\express\lib\router\index.js:277:22
    at param (D:\Software Development Projects\node_modules\express\lib\router\index.js:349:14)
    at param (D:\Software Development Projects\node_modules\express\lib\router\index.js:365:14)
Error: Failed to lookup view "js" in views directory "./src/views"
    at EventEmitter.render (D:\Software Development Projects\node_modules\express\lib\application.js:579:17)
    at ServerResponse.render (D:\Software Development Projects\node_modules\express\lib\response.js:961:7)
    at getPage (D:\Software Development Projects\Tennis Scheduling\src\controllers\appController.js:34:13)
    at Layer.handle [as handle_request] (D:\Software Development Projects\node_modules\express\lib\router\layer.js:95:5)
    at next (D:\Software Development Projects\node_modules\express\lib\router\route.js:131:13)
    at Route.dispatch (D:\Software Development Projects\node_modules\express\lib\router\route.js:112:3)
    at Layer.handle [as handle_request] (D:\Software Development Projects\node_modules\express\lib\router\layer.js:95:5)
    at D:\Software Development Projects\node_modules\express\lib\router\index.js:277:22
    at param (D:\Software Development Projects\node_modules\express\lib\router\index.js:349:14)
    at param (D:\Software Development Projects\node_modules\express\lib\router\index.js:365:14)
Error: Failed to lookup view "js" in views directory "./src/views"
    at EventEmitter.render (D:\Software Development Projects\node_modules\express\lib\application.js:579:17)
    at ServerResponse.render (D:\Software Development Projects\node_modules\express\lib\response.js:961:7)
    at getPage (D:\Software Development Projects\Tennis Scheduling\src\controllers\appController.js:34:13)
    at Layer.handle [as handle_request] (D:\Software Development Projects\node_modules\express\lib\router\layer.js:95:5)
    at next (D:\Software Development Projects\node_modules\express\lib\router\route.js:131:13)
    at Route.dispatch (D:\Software Development Projects\node_modules\express\lib\router\route.js:112:3)
    at Layer.handle [as handle_request] (D:\Software Development Projects\node_modules\express\lib\router\layer.js:95:5)
    at D:\Software Development Projects\node_modules\express\lib\router\index.js:277:22
    at param (D:\Software Development Projects\node_modules\express\lib\router\index.js:349:14)
    at param (D:\Software Development Projects\node_modules\express\lib\router\index.js:365:14)
Error: Failed to lookup view "js" in views directory "./src/views"
    at EventEmitter.render (D:\Software Development Projects\node_modules\express\lib\application.js:579:17)
    at ServerResponse.render (D:\Software Development Projects\node_modules\express\lib\response.js:961:7)
    at getPage (D:\Software Development Projects\Tennis Scheduling\src\controllers\appController.js:34:13)
    at Layer.handle [as handle_request] (D:\Software Development Projects\node_modules\express\lib\router\layer.js:95:5)
    at next (D:\Software Development Projects\node_modules\express\lib\router\route.js:131:13)
    at Route.dispatch (D:\Software Development Projects\node_modules\express\lib\router\route.js:112:3)
    at Layer.handle [as handle_request] (D:\Software Development Projects\node_modules\express\lib\router\layer.js:95:5)
    at D:\Software Development Projects\node_modules\express\lib\router\index.js:277:22
    at param (D:\Software Development Projects\node_modules\express\lib\router\index.js:349:14)
    at param (D:\Software Development Projects\node_modules\express\lib\router\index.js:365:14)
Error: Failed to lookup view "js" in views directory "./src/views"
    at EventEmitter.render (D:\Software Development Projects\node_modules\express\lib\application.js:579:17)
    at ServerResponse.render (D:\Software Development Projects\node_modules\express\lib\response.js:961:7)
    at getPage (D:\Software Development Projects\Tennis Scheduling\src\controllers\appController.js:34:13)
    at Layer.handle [as handle_request] (D:\Software Development Projects\node_modules\express\lib\router\layer.js:95:5)
    at next (D:\Software Development Projects\node_modules\express\lib\router\route.js:131:13)
    at Route.dispatch (D:\Software Development Projects\node_modules\express\lib\router\route.js:112:3)
    at Layer.handle [as handle_request] (D:\Software Development Projects\node_modules\express\lib\router\layer.js:95:5)
    at D:\Software Development Projects\node_modules\express\lib\router\index.js:277:22
    at param (D:\Software Development Projects\node_modules\express\lib\router\index.js:349:14)
    at param (D:\Software Development Projects\node_modules\express\lib\router\index.js:365:14)
Error: Failed to lookup view "js" in views directory "./src/views"
    at EventEmitter.render (D:\Software Development Projects\node_modules\express\lib\application.js:579:17)
    at ServerResponse.render (D:\Software Development Projects\node_modules\express\lib\response.js:961:7)
    at getPage (D:\Software Development Projects\Tennis Scheduling\src\controllers\appController.js:34:13)
    at Layer.handle [as handle_request] (D:\Software Development Projects\node_modules\express\lib\router\layer.js:95:5)
    at next (D:\Software Development Projects\node_modules\express\lib\router\route.js:131:13)
    at Route.dispatch (D:\Software Development Projects\node_modules\express\lib\router\route.js:112:3)
    at Layer.handle [as handle_request] (D:\Software Development Projects\node_modules\express\lib\router\layer.js:95:5)
    at D:\Software Development Projects\node_modules\express\lib\router\index.js:277:22
    at param (D:\Software Development Projects\node_modules\express\lib\router\index.js:349:14)
    at param (D:\Software Development Projects\node_modules\express\lib\router\index.js:365:14)
Error: Failed to lookup view "js" in views directory "./src/views"
    at EventEmitter.render (D:\Software Development Projects\node_modules\express\lib\application.js:579:17)
    at ServerResponse.render (D:\Software Development Projects\node_modules\express\lib\response.js:961:7)
    at getPage (D:\Software Development Projects\Tennis Scheduling\src\controllers\appController.js:34:13)
    at Layer.handle [as handle_request] (D:\Software Development Projects\node_modules\express\lib\router\layer.js:95:5)
    at next (D:\Software Development Projects\node_modules\express\lib\router\route.js:131:13)
    at Route.dispatch (D:\Software Development Projects\node_modules\express\lib\router\route.js:112:3)
    at Layer.handle [as handle_request] (D:\Software Development Projects\node_modules\express\lib\router\layer.js:95:5)
    at D:\Software Development Projects\node_modules\express\lib\router\index.js:277:22
    at param (D:\Software Development Projects\node_modules\express\lib\router\index.js:349:14)
    at param (D:\Software Development Projects\node_modules\express\lib\router\index.js:365:14)
Error: Failed to lookup view "js" in views directory "./src/views"
    at EventEmitter.render (D:\Software Development Projects\node_modules\express\lib\application.js:579:17)
    at ServerResponse.render (D:\Software Development Projects\node_modules\express\lib\response.js:961:7)
    at getPage (D:\Software Development Projects\Tennis Scheduling\src\controllers\appController.js:34:13)
    at Layer.handle [as handle_request] (D:\Software Development Projects\node_modules\express\lib\router\layer.js:95:5)
    at next (D:\Software Development Projects\node_modules\express\lib\router\route.js:131:13)
    at Route.dispatch (D:\Software Development Projects\node_modules\express\lib\router\route.js:112:3)
    at Layer.handle [as handle_request] (D:\Software Development Projects\node_modules\express\lib\router\layer.js:95:5)
    at D:\Software Development Projects\node_modules\express\lib\router\index.js:277:22
    at param (D:\Software Development Projects\node_modules\express\lib\router\index.js:349:14)
    at param (D:\Software Development Projects\node_modules\express\lib\router\index.js:365:14)
Error: Failed to lookup view "js" in views directory "./src/views"
    at EventEmitter.render (D:\Software Development Projects\node_modules\express\lib\application.js:579:17)
    at ServerResponse.render (D:\Software Development Projects\node_modules\express\lib\response.js:961:7)
    at getPage (D:\Software Development Projects\Tennis Scheduling\src\controllers\appController.js:34:13)
    at Layer.handle [as handle_request] (D:\Software Development Projects\node_modules\express\lib\router\layer.js:95:5)
    at next (D:\Software Development Projects\node_modules\express\lib\router\route.js:131:13)
    at Route.dispatch (D:\Software Development Projects\node_modules\express\lib\router\route.js:112:3)
    at Layer.handle [as handle_request] (D:\Software Development Projects\node_modules\express\lib\router\layer.js:95:5)
    at D:\Software Development Projects\node_modules\express\lib\router\index.js:277:22
    at param (D:\Software Development Projects\node_modules\express\lib\router\index.js:349:14)
    at param (D:\Software Development Projects\node_modules\express\lib\router\index.js:365:14)
Error: Failed to lookup view "js" in views directory "./src/views"
    at EventEmitter.render (D:\Software Development Projects\node_modules\express\lib\application.js:579:17)
    at ServerResponse.render (D:\Software Development Projects\node_modules\express\lib\response.js:961:7)
    at getPage (D:\Software Development Projects\Tennis Scheduling\src\controllers\appController.js:34:13)
    at Layer.handle [as handle_request] (D:\Software Development Projects\node_modules\express\lib\router\layer.js:95:5)
    at next (D:\Software Development Projects\node_modules\express\lib\router\route.js:131:13)
    at Route.dispatch (D:\Software Development Projects\node_modules\express\lib\router\route.js:112:3)
    at Layer.handle [as handle_request] (D:\Software Development Projects\node_modules\express\lib\router\layer.js:95:5)
    at D:\Software Development Projects\node_modules\express\lib\router\index.js:277:22
    at param (D:\Software Development Projects\node_modules\express\lib\router\index.js:349:14)
    at param (D:\Software Development Projects\node_modules\express\lib\router\index.js:365:14)
Error: Failed to lookup view "js" in views directory "./src/views"
    at EventEmitter.render (D:\Software Development Projects\node_modules\express\lib\application.js:579:17)
    at ServerResponse.render (D:\Software Development Projects\node_modules\express\lib\response.js:961:7)
    at getPage (D:\Software Development Projects\Tennis Scheduling\src\controllers\appController.js:34:13)
    at Layer.handle [as handle_request] (D:\Software Development Projects\node_modules\express\lib\router\layer.js:95:5)
    at next (D:\Software Development Projects\node_modules\express\lib\router\route.js:131:13)
    at Route.dispatch (D:\Software Development Projects\node_modules\express\lib\router\route.js:112:3)
    at Layer.handle [as handle_request] (D:\Software Development Projects\node_modules\express\lib\router\layer.js:95:5)
    at D:\Software Development Projects\node_modules\express\lib\router\index.js:277:22
    at param (D:\Software Development Projects\node_modules\express\lib\router\index.js:349:14)
    at param (D:\Software Development Projects\node_modules\express\lib\router\index.js:365:14)
Error: Failed to lookup view "js" in views directory "./src/views"
    at EventEmitter.render (D:\Software Development Projects\node_modules\express\lib\application.js:579:17)
    at ServerResponse.render (D:\Software Development Projects\node_modules\express\lib\response.js:961:7)
    at getPage (D:\Software Development Projects\Tennis Scheduling\src\controllers\appController.js:34:13)
    at Layer.handle [as handle_request] (D:\Software Development Projects\node_modules\express\lib\router\layer.js:95:5)
    at next (D:\Software Development Projects\node_modules\express\lib\router\route.js:131:13)
    at Route.dispatch (D:\Software Development Projects\node_modules\express\lib\router\route.js:112:3)
    at Layer.handle [as handle_request] (D:\Software Development Projects\node_modules\express\lib\router\layer.js:95:5)
    at D:\Software Development Projects\node_modules\express\lib\router\index.js:277:22
    at param (D:\Software Development Projects\node_modules\express\lib\router\index.js:349:14)
    at param (D:\Software Development Projects\node_modules\express\lib\router\index.js:365:14)
Error: Failed to lookup view "js" in views directory "./src/views"
    at EventEmitter.render (D:\Software Development Projects\node_modules\express\lib\application.js:579:17)
    at ServerResponse.render (D:\Software Development Projects\node_modules\express\lib\response.js:961:7)
    at getPage (D:\Software Development Projects\Tennis Scheduling\src\controllers\appController.js:34:13)
    at Layer.handle [as handle_request] (D:\Software Development Projects\node_modules\express\lib\router\layer.js:95:5)
    at next (D:\Software Development Projects\node_modules\express\lib\router\route.js:131:13)
    at Route.dispatch (D:\Software Development Projects\node_modules\express\lib\router\route.js:112:3)
    at Layer.handle [as handle_request] (D:\Software Development Projects\node_modules\express\lib\router\layer.js:95:5)
    at D:\Software Development Projects\node_modules\express\lib\router\index.js:277:22
    at param (D:\Software Development Projects\node_modules\express\lib\router\index.js:349:14)
    at param (D:\Software Development Projects\node_modules\express\lib\router\index.js:365:14)
Error: Failed to lookup view "js" in views directory "./src/views"
    at EventEmitter.render (D:\Software Development Projects\node_modules\express\lib\application.js:579:17)
    at ServerResponse.render (D:\Software Development Projects\node_modules\express\lib\response.js:961:7)
    at getPage (D:\Software Development Projects\Tennis Scheduling\src\controllers\appController.js:34:13)
    at Layer.handle [as handle_request] (D:\Software Development Projects\node_modules\express\lib\router\layer.js:95:5)
    at next (D:\Software Development Projects\node_modules\express\lib\router\route.js:131:13)
    at Route.dispatch (D:\Software Development Projects\node_modules\express\lib\router\route.js:112:3)
    at Layer.handle [as handle_request] (D:\Software Development Projects\node_modules\express\lib\router\layer.js:95:5)
    at D:\Software Development Projects\node_modules\express\lib\router\index.js:277:22
    at param (D:\Software Development Projects\node_modules\express\lib\router\index.js:349:14)
    at param (D:\Software Development Projects\node_modules\express\lib\router\index.js:365:14)
Error: Failed to lookup view "js" in views directory "./src/views"
    at EventEmitter.render (D:\Software Development Projects\node_modules\express\lib\application.js:579:17)
    at ServerResponse.render (D:\Software Development Projects\node_modules\express\lib\response.js:961:7)
    at getPage (D:\Software Development Projects\Tennis Scheduling\src\controllers\appController.js:34:13)
    at Layer.handle [as handle_request] (D:\Software Development Projects\node_modules\express\lib\router\layer.js:95:5)
    at next (D:\Software Development Projects\node_modules\express\lib\router\route.js:131:13)
    at Route.dispatch (D:\Software Development Projects\node_modules\express\lib\router\route.js:112:3)
    at Layer.handle [as handle_request] (D:\Software Development Projects\node_modules\express\lib\router\layer.js:95:5)
    at D:\Software Development Projects\node_modules\express\lib\router\index.js:277:22
    at param (D:\Software Development Projects\node_modules\express\lib\router\index.js:349:14)
    at param (D:\Software Development Projects\node_modules\express\lib\router\index.js:365:14)
Error: Failed to lookup view "js" in views directory "./src/views"
    at EventEmitter.render (D:\Software Development Projects\node_modules\express\lib\application.js:579:17)
    at ServerResponse.render (D:\Software Development Projects\node_modules\express\lib\response.js:961:7)
    at getPage (D:\Software Development Projects\Tennis Scheduling\src\controllers\appController.js:34:13)
    at Layer.handle [as handle_request] (D:\Software Development Projects\node_modules\express\lib\router\layer.js:95:5)
    at next (D:\Software Development Projects\node_modules\express\lib\router\route.js:131:13)
    at Route.dispatch (D:\Software Development Projects\node_modules\express\lib\router\route.js:112:3)
    at Layer.handle [as handle_request] (D:\Software Development Projects\node_modules\express\lib\router\layer.js:95:5)
    at D:\Software Development Projects\node_modules\express\lib\router\index.js:277:22
    at param (D:\Software Development Projects\node_modules\express\lib\router\index.js:349:14)
    at param (D:\Software Development Projects\node_modules\express\lib\router\index.js:365:14)
Error: Failed to lookup view "js" in views directory "./src/views"
    at EventEmitter.render (D:\Software Development Projects\node_modules\express\lib\application.js:579:17)
    at ServerResponse.render (D:\Software Development Projects\node_modules\express\lib\response.js:961:7)
    at getPage (D:\Software Development Projects\Tennis Scheduling\src\controllers\appController.js:34:13)
    at Layer.handle [as handle_request] (D:\Software Development Projects\node_modules\express\lib\router\layer.js:95:5)
    at next (D:\Software Development Projects\node_modules\express\lib\router\route.js:131:13)
    at Route.dispatch (D:\Software Development Projects\node_modules\express\lib\router\route.js:112:3)
    at Layer.handle [as handle_request] (D:\Software Development Projects\node_modules\express\lib\router\layer.js:95:5)
    at D:\Software Development Projects\node_modules\express\lib\router\index.js:277:22
    at param (D:\Software Development Projects\node_modules\express\lib\router\index.js:349:14)
    at param (D:\Software Development Projects\node_modules\express\lib\router\index.js:365:14)
Error: Failed to lookup view "js" in views directory "./src/views"
    at EventEmitter.render (D:\Software Development Projects\node_modules\express\lib\application.js:579:17)
    at ServerResponse.render (D:\Software Development Projects\node_modules\express\lib\response.js:961:7)
    at getPage (D:\Software Development Projects\Tennis Scheduling\src\controllers\appController.js:34:13)
    at Layer.handle [as handle_request] (D:\Software Development Projects\node_modules\express\lib\router\layer.js:95:5)
    at next (D:\Software Development Projects\node_modules\express\lib\router\route.js:131:13)
    at Route.dispatch (D:\Software Development Projects\node_modules\express\lib\router\route.js:112:3)
    at Layer.handle [as handle_request] (D:\Software Development Projects\node_modules\express\lib\router\layer.js:95:5)
    at D:\Software Development Projects\node_modules\express\lib\router\index.js:277:22
    at param (D:\Software Development Projects\node_modules\express\lib\router\index.js:349:14)
    at param (D:\Software Development Projects\node_modules\express\lib\router\index.js:365:14)
Error: Failed to lookup view "js" in views directory "./src/views"
    at EventEmitter.render (D:\Software Development Projects\node_modules\express\lib\application.js:579:17)
    at ServerResponse.render (D:\Software Development Projects\node_modules\express\lib\response.js:961:7)
    at getPage (D:\Software Development Projects\Tennis Scheduling\src\controllers\appController.js:34:13)
    at Layer.handle [as handle_request] (D:\Software Development Projects\node_modules\express\lib\router\layer.js:95:5)
    at next (D:\Software Development Projects\node_modules\express\lib\router\route.js:131:13)
    at Route.dispatch (D:\Software Development Projects\node_modules\express\lib\router\route.js:112:3)
    at Layer.handle [as handle_request] (D:\Software Development Projects\node_modules\express\lib\router\layer.js:95:5)
    at D:\Software Development Projects\node_modules\express\lib\router\index.js:277:22
    at param (D:\Software Development Projects\node_modules\express\lib\router\index.js:349:14)
    at param (D:\Software Development Projects\node_modules\express\lib\router\index.js:365:14)
Error: Failed to lookup view "js" in views directory "./src/views"
    at EventEmitter.render (D:\Software Development Projects\node_modules\express\lib\application.js:579:17)
    at ServerResponse.render (D:\Software Development Projects\node_modules\express\lib\response.js:961:7)
    at getPage (D:\Software Development Projects\Tennis Scheduling\src\controllers\appController.js:34:13)
    at Layer.handle [as handle_request] (D:\Software Development Projects\node_modules\express\lib\router\layer.js:95:5)
    at next (D:\Software Development Projects\node_modules\express\lib\router\route.js:131:13)
    at Route.dispatch (D:\Software Development Projects\node_modules\express\lib\router\route.js:112:3)
    at Layer.handle [as handle_request] (D:\Software Development Projects\node_modules\express\lib\router\layer.js:95:5)
    at D:\Software Development Projects\node_modules\express\lib\router\index.js:277:22
    at param (D:\Software Development Projects\node_modules\express\lib\router\index.js:349:14)
    at param (D:\Software Development Projects\node_modules\express\lib\router\index.js:365:14)
Error: Failed to lookup view "js" in views directory "./src/views"
    at EventEmitter.render (D:\Software Development Projects\node_modules\express\lib\application.js:579:17)
    at ServerResponse.render (D:\Software Development Projects\node_modules\express\lib\response.js:961:7)
    at getPage (D:\Software Development Projects\Tennis Scheduling\src\controllers\appController.js:34:13)
    at Layer.handle [as handle_request] (D:\Software Development Projects\node_modules\express\lib\router\layer.js:95:5)
    at next (D:\Software Development Projects\node_modules\express\lib\router\route.js:131:13)
    at Route.dispatch (D:\Software Development Projects\node_modules\express\lib\router\route.js:112:3)
    at Layer.handle [as handle_request] (D:\Software Development Projects\node_modules\express\lib\router\layer.js:95:5)
    at D:\Software Development Projects\node_modules\express\lib\router\index.js:277:22
    at param (D:\Software Development Projects\node_modules\express\lib\router\index.js:349:14)
    at param (D:\Software Development Projects\node_modules\express\lib\router\index.js:365:14)
Error: Failed to lookup view "js" in views directory "./src/views"
    at EventEmitter.render (D:\Software Development Projects\node_modules\express\lib\application.js:579:17)
    at ServerResponse.render (D:\Software Development Projects\node_modules\express\lib\response.js:961:7)
    at getPage (D:\Software Development Projects\Tennis Scheduling\src\controllers\appController.js:34:13)
    at Layer.handle [as handle_request] (D:\Software Development Projects\node_modules\express\lib\router\layer.js:95:5)
    at next (D:\Software Development Projects\node_modules\express\lib\router\route.js:131:13)
    at Route.dispatch (D:\Software Development Projects\node_modules\express\lib\router\route.js:112:3)
    at Layer.handle [as handle_request] (D:\Software Development Projects\node_modules\express\lib\router\layer.js:95:5)
    at D:\Software Development Projects\node_modules\express\lib\router\index.js:277:22
    at param (D:\Software Development Projects\node_modules\express\lib\router\index.js:349:14)
    at param (D:\Software Development Projects\node_modules\express\lib\router\index.js:365:14)
Error: Failed to lookup view "js" in views directory "./src/views"
    at EventEmitter.render (D:\Software Development Projects\node_modules\express\lib\application.js:579:17)
    at ServerResponse.render (D:\Software Development Projects\node_modules\express\lib\response.js:961:7)
    at getPage (D:\Software Development Projects\Tennis Scheduling\src\controllers\appController.js:34:13)
    at Layer.handle [as handle_request] (D:\Software Development Projects\node_modules\express\lib\router\layer.js:95:5)
    at next (D:\Software Development Projects\node_modules\express\lib\router\route.js:131:13)
    at Route.dispatch (D:\Software Development Projects\node_modules\express\lib\router\route.js:112:3)
    at Layer.handle [as handle_request] (D:\Software Development Projects\node_modules\express\lib\router\layer.js:95:5)
    at D:\Software Development Projects\node_modules\express\lib\router\index.js:277:22
    at param (D:\Software Development Projects\node_modules\express\lib\router\index.js:349:14)
    at param (D:\Software Development Projects\node_modules\express\lib\router\index.js:365:14)
Error: Failed to lookup view "js" in views directory "./src/views"
    at EventEmitter.render (D:\Software Development Projects\node_modules\express\lib\application.js:579:17)
    at ServerResponse.render (D:\Software Development Projects\node_modules\express\lib\response.js:961:7)
    at getPage (D:\Software Development Projects\Tennis Scheduling\src\controllers\appController.js:34:13)
    at Layer.handle [as handle_request] (D:\Software Development Projects\node_modules\express\lib\router\layer.js:95:5)
    at next (D:\Software Development Projects\node_modules\express\lib\router\route.js:131:13)
    at Route.dispatch (D:\Software Development Projects\node_modules\express\lib\router\route.js:112:3)
    at Layer.handle [as handle_request] (D:\Software Development Projects\node_modules\express\lib\router\layer.js:95:5)
    at D:\Software Development Projects\node_modules\express\lib\router\index.js:277:22
    at param (D:\Software Development Projects\node_modules\express\lib\router\index.js:349:14)
    at param (D:\Software Development Projects\node_modules\express\lib\router\index.js:365:14)
Error: Failed to lookup view "js" in views directory "./src/views"
    at EventEmitter.render (D:\Software Development Projects\node_modules\express\lib\application.js:579:17)
    at ServerResponse.render (D:\Software Development Projects\node_modules\express\lib\response.js:961:7)
    at getPage (D:\Software Development Projects\Tennis Scheduling\src\controllers\appController.js:34:13)
    at Layer.handle [as handle_request] (D:\Software Development Projects\node_modules\express\lib\router\layer.js:95:5)
    at next (D:\Software Development Projects\node_modules\express\lib\router\route.js:131:13)
    at Route.dispatch (D:\Software Development Projects\node_modules\express\lib\router\route.js:112:3)
    at Layer.handle [as handle_request] (D:\Software Development Projects\node_modules\express\lib\router\layer.js:95:5)
    at D:\Software Development Projects\node_modules\express\lib\router\index.js:277:22
    at param (D:\Software Development Projects\node_modules\express\lib\router\index.js:349:14)
    at param (D:\Software Development Projects\node_modules\express\lib\router\index.js:365:14)
Error: Failed to lookup view "js" in views directory "./src/views"
    at EventEmitter.render (D:\Software Development Projects\node_modules\express\lib\application.js:579:17)
    at ServerResponse.render (D:\Software Development Projects\node_modules\express\lib\response.js:961:7)
    at getPage (D:\Software Development Projects\Tennis Scheduling\src\controllers\appController.js:34:13)
    at Layer.handle [as handle_request] (D:\Software Development Projects\node_modules\express\lib\router\layer.js:95:5)
    at next (D:\Software Development Projects\node_modules\express\lib\router\route.js:131:13)
    at Route.dispatch (D:\Software Development Projects\node_modules\express\lib\router\route.js:112:3)
    at Layer.handle [as handle_request] (D:\Software Development Projects\node_modules\express\lib\router\layer.js:95:5)
    at D:\Software Development Projects\node_modules\express\lib\router\index.js:277:22
    at param (D:\Software Development Projects\node_modules\express\lib\router\index.js:349:14)
    at param (D:\Software Development Projects\node_modules\express\lib\router\index.js:365:14)
Error: Failed to lookup view "js" in views directory "./src/views"
    at EventEmitter.render (D:\Software Development Projects\node_modules\express\lib\application.js:579:17)
    at ServerResponse.render (D:\Software Development Projects\node_modules\express\lib\response.js:961:7)
    at getPage (D:\Software Development Projects\Tennis Scheduling\src\controllers\appController.js:34:13)
    at Layer.handle [as handle_request] (D:\Software Development Projects\node_modules\express\lib\router\layer.js:95:5)
    at next (D:\Software Development Projects\node_modules\express\lib\router\route.js:131:13)
    at Route.dispatch (D:\Software Development Projects\node_modules\express\lib\router\route.js:112:3)
    at Layer.handle [as handle_request] (D:\Software Development Projects\node_modules\express\lib\router\layer.js:95:5)
    at D:\Software Development Projects\node_modules\express\lib\router\index.js:277:22
    at param (D:\Software Development Projects\node_modules\express\lib\router\index.js:349:14)
    at param (D:\Software Development Projects\node_modules\express\lib\router\index.js:365:14)
Mon, 08 Aug 2016 20:02:38 GMT express-session deprecated undefined resave option; provide resave option at D:\Software Development Projects\Tennis Scheduling\app.js:36:9
Mon, 08 Aug 2016 20:02:38 GMT express-session deprecated undefined saveUninitialized option; provide saveUninitialized option at D:\Software Development Projects\Tennis Scheduling\app.js:36:9
